<?xml version="1.0" encoding="UTF-8"?>
<testng-results skipped="0" failed="0" ignored="0" total="1" passed="1">
  <reporter-output>
  </reporter-output>
  <suite name="Default suite" duration-ms="21254" started-at="2021-12-07T21:15:03 IST" finished-at="2021-12-07T21:15:24 IST">
    <groups>
    </groups>
    <test name="Default test" duration-ms="21254" started-at="2021-12-07T21:15:03 IST" finished-at="2021-12-07T21:15:24 IST">
      <class name="com.automation.Testcases.TC001">
        <test-method status="PASS" signature="initBrowser()[pri:0, instance:com.automation.Testcases.TC001@480bdb19]" name="initBrowser" is-config="true" duration-ms="7689" started-at="2021-12-07T21:15:03 IST" finished-at="2021-12-07T21:15:10 IST">
          <reporter-output>
          </reporter-output>
        </test-method> <!-- initBrowser -->
        <test-method status="PASS" signature="loginTest()[pri:0, instance:com.automation.Testcases.TC001@480bdb19]" name="loginTest" duration-ms="12299" started-at="2021-12-07T21:15:10 IST" finished-at="2021-12-07T21:15:23 IST">
          <reporter-output>
          </reporter-output>
        </test-method> <!-- loginTest -->
        <test-method status="PASS" signature="quitBrowser()[pri:0, instance:com.automation.Testcases.TC001@480bdb19]" name="quitBrowser" is-config="true" duration-ms="1168" started-at="2021-12-07T21:15:23 IST" finished-at="2021-12-07T21:15:24 IST">
          <reporter-output>
          </reporter-output>
        </test-method> <!-- quitBrowser -->
      </class> <!-- com.automation.Testcases.TC001 -->
    </test> <!-- Default test -->
  </suite> <!-- Default suite -->
</testng-results>
